2026-04-24 14:48:12.117 | INFO     | app.core.logger:<module>:40 - Logger initialized successfully
2026-04-24 14:48:18.980 | INFO     | app.core.logger:<module>:40 - Logger initialized successfully
2026-04-24 14:52:34.972 | INFO     | app.core.logger:<module>:40 - Logger initialized successfully
2026-04-24 15:04:35.362 | INFO     | app.core.logger:<module>:40 - Logger initialized successfully
2026-04-24 15:04:55.040 | INFO     | app.api.v1.auth:login:22 - 登录尝试: admin
2026-04-24 15:04:55.713 | INFO     | app.api.v1.auth:login:55 - 登录成功: admin
2026-04-24 15:05:47.314 | INFO     | app.api.v1.auth:login:22 - 登录尝试: admin
2026-04-24 15:05:47.991 | INFO     | app.api.v1.auth:login:55 - 登录成功: admin
2026-04-24 15:06:04.134 | INFO     | app.core.auth:get_current_user:106 - 用户认证成功: admin
2026-04-24 15:06:04.136 | INFO     | app.api.v1.users:get_users:24 - 获取用户列表 by admin
2026-04-24 15:06:04.146 | INFO     | app.api.v1.users:get_users:26 - 获取到 2 个用户
2026-04-24 15:06:04.446 | INFO     | app.core.auth:get_current_user:106 - 用户认证成功: admin
2026-04-24 15:06:06.496 | INFO     | app.core.auth:get_current_user:106 - 用户认证成功: admin
2026-04-24 15:06:06.524 | INFO     | app.core.auth:get_current_user:106 - 用户认证成功: admin
2026-04-24 15:06:12.002 | INFO     | app.core.auth:get_current_user:106 - 用户认证成功: admin
2026-04-24 15:06:13.137 | INFO     | app.core.auth:get_current_user:106 - 用户认证成功: admin
2026-04-24 15:06:13.142 | INFO     | app.api.v1.users:get_users:24 - 获取用户列表 by admin
2026-04-24 15:06:13.150 | INFO     | app.api.v1.users:get_users:26 - 获取到 2 个用户
2026-04-24 15:06:13.165 | INFO     | app.core.auth:get_current_user:106 - 用户认证成功: admin
2026-04-24 15:06:14.357 | INFO     | app.core.auth:get_current_user:106 - 用户认证成功: admin
2026-04-24 15:08:40.433 | INFO     | app.core.auth:get_current_user:106 - 用户认证成功: admin
2026-04-24 15:08:40.485 | INFO     | app.core.auth:get_current_user:106 - 用户认证成功: admin
2026-04-24 15:08:57.357 | INFO     | app.api.v1.auth:login:22 - 登录尝试: admin
2026-04-24 15:08:58.038 | INFO     | app.api.v1.auth:login:55 - 登录成功: admin
2026-04-24 15:09:19.754 | INFO     | app.core.auth:get_current_user:106 - 用户认证成功: admin
2026-04-24 15:09:19.755 | INFO     | app.api.v1.users:get_users:24 - 获取用户列表 by admin
2026-04-24 15:09:19.761 | INFO     | app.api.v1.users:get_users:26 - 获取到 2 个用户
2026-04-24 15:09:19.776 | INFO     | app.core.auth:get_current_user:106 - 用户认证成功: admin
2026-04-24 15:10:07.685 | INFO     | app.core.logger:<module>:40 - Logger initialized successfully
2026-04-24 15:10:31.007 | INFO     | app.core.logger:<module>:40 - Logger initialized successfully
2026-04-24 15:10:59.277 | INFO     | app.api.v1.auth:login:22 - 登录尝试: admin
2026-04-24 15:10:59.807 | INFO     | app.api.v1.auth:login:55 - 登录成功: admin
2026-04-24 15:13:40.834 | INFO     | app.core.auth:get_current_user:106 - 用户认证成功: admin
2026-04-24 15:13:40.858 | INFO     | app.core.auth:get_current_user:106 - 用户认证成功: admin
2026-04-24 15:13:45.709 | INFO     | app.core.auth:get_current_user:106 - 用户认证成功: admin
2026-04-24 15:13:45.730 | INFO     | app.core.auth:get_current_user:106 - 用户认证成功: admin
2026-04-24 15:13:51.774 | INFO     | app.api.v1.auth:login:22 - 登录尝试: admin
2026-04-24 15:13:52.216 | INFO     | app.api.v1.auth:login:55 - 登录成功: admin
2026-04-24 15:13:54.182 | INFO     | app.core.auth:get_current_user:106 - 用户认证成功: admin
2026-04-24 15:13:54.189 | INFO     | app.api.v1.users:get_users:24 - 获取用户列表 by admin
2026-04-24 15:13:54.200 | INFO     | app.api.v1.users:get_users:26 - 获取到 2 个用户
2026-04-24 15:13:54.239 | INFO     | app.core.auth:get_current_user:106 - 用户认证成功: admin
2026-04-24 15:14:12.202 | INFO     | app.core.auth:get_current_user:106 - 用户认证成功: admin
2026-04-24 15:17:18.976 | INFO     | app.core.auth:get_current_user:106 - 用户认证成功: admin
2026-04-24 15:17:19.009 | INFO     | app.core.auth:get_current_user:106 - 用户认证成功: admin
2026-04-24 15:17:44.235 | INFO     | app.core.auth:get_current_user:106 - 用户认证成功: admin
2026-04-24 15:17:44.238 | INFO     | app.api.v1.users:get_users:24 - 获取用户列表 by admin
2026-04-24 15:17:44.243 | INFO     | app.api.v1.users:get_users:26 - 获取到 2 个用户
2026-04-24 15:17:44.547 | INFO     | app.core.auth:get_current_user:106 - 用户认证成功: admin
2026-04-24 15:17:45.520 | INFO     | app.core.auth:get_current_user:106 - 用户认证成功: admin
2026-04-24 15:17:47.320 | INFO     | app.core.auth:get_current_user:106 - 用户认证成功: admin
2026-04-24 15:17:47.322 | INFO     | app.api.v1.users:get_users:24 - 获取用户列表 by admin
2026-04-24 15:17:47.350 | INFO     | app.api.v1.users:get_users:26 - 获取到 2 个用户
2026-04-24 15:17:47.645 | INFO     | app.core.auth:get_current_user:106 - 用户认证成功: admin
2026-04-24 15:17:47.886 | INFO     | app.core.auth:get_current_user:106 - 用户认证成功: admin
2026-04-24 15:19:03.696 | INFO     | app.core.logger:<module>:40 - Logger initialized successfully
2026-04-24 15:19:24.481 | INFO     | app.core.logger:<module>:40 - Logger initialized successfully
2026-04-24 15:22:45.696 | INFO     | app.core.logger:<module>:40 - Logger initialized successfully
2026-04-24 15:23:06.861 | INFO     | app.core.logger:<module>:40 - Logger initialized successfully
2026-04-24 15:23:23.323 | INFO     | app.core.logger:<module>:40 - Logger initialized successfully
2026-04-24 15:24:27.509 | INFO     | app.core.auth:get_current_user:106 - 用户认证成功: admin
2026-04-24 15:24:27.579 | INFO     | app.core.auth:get_current_user:106 - 用户认证成功: admin
2026-04-24 15:24:32.240 | INFO     | app.core.auth:get_current_user:106 - 用户认证成功: admin
2026-04-24 15:24:33.655 | INFO     | app.core.auth:get_current_user:106 - 用户认证成功: admin
2026-04-24 15:24:33.659 | INFO     | app.api.v1.users:get_users:24 - 获取用户列表 by admin
2026-04-24 15:24:33.665 | INFO     | app.api.v1.users:get_users:26 - 获取到 2 个用户
2026-04-24 15:24:33.696 | INFO     | app.core.auth:get_current_user:106 - 用户认证成功: admin
2026-04-24 15:25:09.961 | INFO     | app.core.auth:get_current_user:106 - 用户认证成功: admin
2026-04-24 15:25:09.981 | INFO     | app.core.auth:get_current_user:106 - 用户认证成功: admin
2026-04-24 15:25:13.420 | INFO     | app.core.auth:get_current_user:106 - 用户认证成功: admin
2026-04-24 15:25:13.423 | INFO     | app.api.v1.users:get_users:24 - 获取用户列表 by admin
2026-04-24 15:25:13.433 | INFO     | app.api.v1.users:get_users:26 - 获取到 2 个用户
2026-04-24 15:25:13.473 | INFO     | app.core.auth:get_current_user:106 - 用户认证成功: admin
2026-04-24 15:28:39.284 | INFO     | app.core.auth:get_current_user:106 - 用户认证成功: admin
2026-04-24 15:28:39.299 | INFO     | app.core.auth:get_current_user:106 - 用户认证成功: admin
2026-04-24 15:28:51.594 | INFO     | app.core.auth:get_current_user:106 - 用户认证成功: admin
2026-04-24 15:28:51.595 | INFO     | app.api.v1.users:get_users:24 - 获取用户列表 by admin
2026-04-24 15:28:51.602 | INFO     | app.api.v1.users:get_users:26 - 获取到 2 个用户
2026-04-24 15:28:51.780 | INFO     | app.core.auth:get_current_user:106 - 用户认证成功: admin
2026-04-24 15:28:52.357 | INFO     | app.core.auth:get_current_user:106 - 用户认证成功: admin
2026-04-24 15:35:30.798 | INFO     | app.core.auth:get_current_user:106 - 用户认证成功: admin
2026-04-24 15:35:30.800 | INFO     | app.api.v1.users:create_user:76 - 创建用户请求: 1111 by admin
2026-04-24 15:35:31.333 | INFO     | app.api.v1.users:create_user:104 - 用户创建成功: 1111
2026-04-24 15:35:31.374 | INFO     | app.core.auth:get_current_user:106 - 用户认证成功: admin
2026-04-24 15:35:31.376 | INFO     | app.api.v1.users:get_users:24 - 获取用户列表 by admin
2026-04-24 15:35:31.382 | INFO     | app.api.v1.users:get_users:26 - 获取到 3 个用户
2026-04-24 15:35:36.512 | INFO     | app.core.auth:get_current_user:106 - 用户认证成功: admin
2026-04-24 15:35:36.531 | INFO     | app.core.auth:get_current_user:106 - 用户认证成功: admin
2026-04-24 15:42:08.690 | INFO     | app.core.logger:<module>:40 - Logger initialized successfully
2026-04-24 15:43:00.260 | INFO     | app.api.v1.auth:login:22 - 登录尝试: admin
2026-04-24 15:43:00.541 | INFO     | app.api.v1.auth:login:55 - 登录成功: admin
2026-04-24 15:43:00.709 | WARNING  | app.core.auth:get_current_user:74 - 无效的认证令牌
2026-04-24 15:43:19.275 | INFO     | app.api.v1.auth:login:22 - 登录尝试: admin
2026-04-24 15:43:19.551 | INFO     | app.api.v1.auth:login:55 - 登录成功: admin
2026-04-24 15:43:19.694 | INFO     | app.core.auth:get_current_user:106 - 用户认证成功: admin
2026-04-24 15:43:19.695 | INFO     | app.api.v1.users:get_users:24 - 获取用户列表 by admin
2026-04-24 15:43:19.699 | INFO     | app.api.v1.users:get_users:26 - 获取到 3 个用户
2026-04-24 15:43:39.015 | INFO     | app.api.v1.auth:login:22 - 登录尝试: admin
2026-04-24 15:43:39.291 | INFO     | app.api.v1.auth:login:55 - 登录成功: admin
2026-04-24 15:43:39.442 | INFO     | app.core.auth:get_current_user:106 - 用户认证成功: admin
2026-04-24 15:44:18.271 | INFO     | app.core.logger:<module>:40 - Logger initialized successfully
2026-04-24 15:44:31.556 | INFO     | app.core.logger:<module>:40 - Logger initialized successfully
2026-04-24 15:44:57.562 | INFO     | app.core.logger:<module>:40 - Logger initialized successfully
2026-04-24 15:45:17.732 | INFO     | app.core.logger:<module>:40 - Logger initialized successfully
2026-04-24 15:45:29.745 | INFO     | app.api.v1.auth:login:22 - 登录尝试: admin
2026-04-24 15:45:30.043 | INFO     | app.api.v1.auth:login:55 - 登录成功: admin
2026-04-24 15:45:30.193 | INFO     | app.core.auth:get_current_user:106 - 用户认证成功: admin
2026-04-24 15:49:05.543 | WARNING  | app.core.auth:get_current_user:74 - 无效的认证令牌
2026-04-24 15:49:05.552 | WARNING  | app.core.auth:get_current_user:74 - 无效的认证令牌
2026-04-24 15:49:07.904 | INFO     | app.api.v1.auth:login:22 - 登录尝试: admin
2026-04-24 15:49:08.410 | INFO     | app.api.v1.auth:login:55 - 登录成功: admin
2026-04-24 15:49:10.175 | INFO     | app.core.auth:get_current_user:106 - 用户认证成功: admin
2026-04-24 15:49:10.182 | INFO     | app.api.v1.users:get_users:24 - 获取用户列表 by admin
2026-04-24 15:49:10.190 | INFO     | app.api.v1.users:get_users:26 - 获取到 3 个用户
2026-04-24 15:49:10.228 | INFO     | app.core.auth:get_current_user:106 - 用户认证成功: admin
2026-04-24 15:49:12.698 | INFO     | app.core.auth:get_current_user:106 - 用户认证成功: admin
2026-04-24 15:49:24.876 | INFO     | app.core.auth:get_current_user:106 - 用户认证成功: admin
2026-04-24 15:49:24.881 | INFO     | app.api.v1.users:get_users:24 - 获取用户列表 by admin
2026-04-24 15:49:24.895 | INFO     | app.api.v1.users:get_users:26 - 获取到 3 个用户
2026-04-24 15:49:24.943 | INFO     | app.core.auth:get_current_user:106 - 用户认证成功: admin
2026-04-24 15:51:04.536 | INFO     | app.core.logger:<module>:40 - Logger initialized successfully
2026-04-24 15:51:12.698 | INFO     | app.api.v1.auth:login:22 - 登录尝试: admin
2026-04-24 15:51:13.030 | INFO     | app.api.v1.auth:login:55 - 登录成功: admin
2026-04-24 15:51:13.198 | INFO     | app.core.auth:get_current_user:106 - 用户认证成功: admin
2026-04-24 15:54:04.999 | INFO     | app.core.auth:get_current_user:106 - 用户认证成功: admin
2026-04-24 15:54:05.000 | INFO     | app.api.v1.users:get_users:24 - 获取用户列表 by admin
2026-04-24 15:54:05.005 | INFO     | app.api.v1.users:get_users:26 - 获取到 3 个用户
2026-04-24 15:54:05.035 | INFO     | app.core.auth:get_current_user:106 - 用户认证成功: admin
2026-04-24 15:54:51.551 | INFO     | app.core.auth:get_current_user:106 - 用户认证成功: admin
2026-04-24 15:54:51.554 | INFO     | app.api.v1.users:update_user:124 - 更新用户请求: 3 by admin
2026-04-24 15:54:51.610 | INFO     | app.api.v1.users:update_user:151 - 用户更新成功: 1111
2026-04-24 15:54:51.765 | INFO     | app.core.auth:get_current_user:106 - 用户认证成功: admin
2026-04-24 15:54:51.767 | INFO     | app.api.v1.users:get_users:24 - 获取用户列表 by admin
2026-04-24 15:54:51.902 | INFO     | app.api.v1.users:get_users:26 - 获取到 3 个用户
2026-04-24 15:54:57.248 | INFO     | app.core.auth:get_current_user:106 - 用户认证成功: admin
2026-04-24 15:55:35.327 | INFO     | app.core.auth:get_current_user:106 - 用户认证成功: admin
2026-04-24 15:55:35.329 | INFO     | app.api.v1.users:get_users:24 - 获取用户列表 by admin
2026-04-24 15:55:35.333 | INFO     | app.api.v1.users:get_users:26 - 获取到 3 个用户
2026-04-24 15:55:35.642 | INFO     | app.core.auth:get_current_user:106 - 用户认证成功: admin
2026-04-24 16:03:28.188 | INFO     | app.core.logger:<module>:40 - Logger initialized successfully
2026-04-24 16:04:35.149 | INFO     | app.core.logger:<module>:40 - Logger initialized successfully
2026-04-24 16:05:47.532 | INFO     | app.core.auth:get_current_user:106 - 用户认证成功: admin
2026-04-24 16:05:47.749 | INFO     | app.core.auth:get_current_user:106 - 用户认证成功: admin
2026-04-24 16:05:47.843 | INFO     | app.core.auth:get_current_user:106 - 用户认证成功: admin
2026-04-24 16:05:48.197 | INFO     | app.core.auth:get_current_user:106 - 用户认证成功: admin
2026-04-24 16:08:46.687 | INFO     | app.core.auth:get_current_user:106 - 用户认证成功: admin
2026-04-24 16:08:46.689 | INFO     | app.api.v1.permissions:get_permissions:42 - 获取权限列表 by admin
2026-04-24 16:08:46.703 | INFO     | app.api.v1.permissions:get_permissions:44 - 获取到 6 个权限
2026-04-24 16:08:49.735 | INFO     | app.core.auth:get_current_user:106 - 用户认证成功: admin
2026-04-24 16:08:53.069 | INFO     | app.core.auth:get_current_user:106 - 用户认证成功: admin
2026-04-24 16:08:53.074 | INFO     | app.api.v1.users:get_users:24 - 获取用户列表 by admin
2026-04-24 16:08:53.082 | INFO     | app.api.v1.users:get_users:26 - 获取到 3 个用户
2026-04-24 16:08:53.119 | INFO     | app.core.auth:get_current_user:106 - 用户认证成功: admin
2026-04-24 16:08:56.300 | INFO     | app.core.auth:get_current_user:106 - 用户认证成功: admin
2026-04-24 16:10:13.423 | INFO     | app.core.auth:get_current_user:106 - 用户认证成功: admin
2026-04-24 16:10:13.455 | INFO     | app.core.auth:get_current_user:106 - 用户认证成功: admin
2026-04-24 16:10:13.458 | INFO     | app.api.v1.permissions:get_permissions:42 - 获取权限列表 by admin
2026-04-24 16:10:13.467 | INFO     | app.api.v1.permissions:get_permissions:44 - 获取到 6 个权限
2026-04-24 16:13:52.354 | INFO     | app.core.auth:get_current_user:106 - 用户认证成功: admin
2026-04-24 16:13:52.355 | INFO     | app.api.v1.permissions:get_permissions:42 - 获取权限列表 by admin
2026-04-24 16:13:52.359 | INFO     | app.api.v1.permissions:get_permissions:44 - 获取到 6 个权限
2026-04-24 16:15:56.081 | INFO     | app.core.auth:get_current_user:106 - 用户认证成功: admin
2026-04-24 16:15:56.138 | INFO     | app.core.auth:get_current_user:106 - 用户认证成功: admin
2026-04-24 16:15:56.144 | INFO     | app.api.v1.permissions:get_permissions:42 - 获取权限列表 by admin
2026-04-24 16:15:56.155 | INFO     | app.api.v1.permissions:get_permissions:44 - 获取到 6 个权限
2026-04-24 16:20:54.149 | INFO     | app.core.logger:<module>:40 - Logger initialized successfully
2026-04-24 16:36:45.154 | INFO     | app.core.logger:<module>:40 - Logger initialized successfully
2026-04-24 16:37:48.763 | INFO     | app.core.logger:<module>:40 - Logger initialized successfully
2026-04-24 16:38:10.479 | INFO     | app.core.logger:<module>:40 - Logger initialized successfully
2026-04-24 16:39:47.613 | WARNING  | app.core.auth:get_current_user:74 - 无效的认证令牌
2026-04-24 16:39:47.636 | WARNING  | app.core.auth:get_current_user:74 - 无效的认证令牌
2026-04-24 16:39:47.688 | WARNING  | app.core.auth:get_current_user:74 - 无效的认证令牌
2026-04-24 16:39:48.019 | WARNING  | app.core.auth:get_current_user:74 - 无效的认证令牌
2026-04-24 16:50:11.842 | INFO     | app.api.v1.auth:login:22 - 登录尝试: admin
2026-04-24 16:50:12.267 | INFO     | app.api.v1.auth:login:55 - 登录成功: admin
2026-04-24 16:50:14.182 | INFO     | app.core.auth:get_current_user:106 - 用户认证成功: admin
2026-04-24 16:50:14.183 | INFO     | app.api.v1.products:get_products:57 - 获取商品列表请求 by admin
2026-04-24 16:50:14.200 | INFO     | app.api.v1.products:get_products:61 - 获取商品列表成功，共 0 个商品
2026-04-24 16:50:15.504 | INFO     | app.core.auth:get_current_user:106 - 用户认证成功: admin
2026-04-24 16:50:15.505 | INFO     | app.api.v1.permissions:get_permissions:42 - 获取权限列表 by admin
2026-04-24 16:50:15.524 | INFO     | app.api.v1.permissions:get_permissions:44 - 获取到 6 个权限
2026-04-24 16:50:18.319 | INFO     | app.core.auth:get_current_user:106 - 用户认证成功: admin
2026-04-24 16:50:18.364 | INFO     | app.core.auth:get_current_user:106 - 用户认证成功: admin
2026-04-24 16:50:18.369 | INFO     | app.api.v1.permissions:get_permissions:42 - 获取权限列表 by admin
2026-04-24 16:50:18.380 | INFO     | app.api.v1.permissions:get_permissions:44 - 获取到 6 个权限
2026-04-24 16:50:21.010 | INFO     | app.core.auth:get_current_user:106 - 用户认证成功: admin
2026-04-24 16:50:21.012 | INFO     | app.api.v1.products:get_products:57 - 获取商品列表请求 by admin
2026-04-24 16:50:21.022 | INFO     | app.api.v1.products:get_products:61 - 获取商品列表成功，共 0 个商品
2026-04-24 16:50:35.476 | INFO     | app.core.auth:get_current_user:106 - 用户认证成功: admin
2026-04-24 16:50:35.477 | INFO     | app.api.v1.products:create_product:95 - 创建商品请求: 1111 by admin
2026-04-24 16:50:35.505 | INFO     | app.api.v1.products:create_product:119 - 商品创建成功: 1111
2026-04-24 16:50:35.740 | INFO     | app.core.auth:get_current_user:106 - 用户认证成功: admin
2026-04-24 16:50:35.742 | INFO     | app.api.v1.products:get_products:57 - 获取商品列表请求 by admin
2026-04-24 16:50:35.749 | INFO     | app.api.v1.products:get_products:61 - 获取商品列表成功，共 1 个商品
2026-04-24 16:50:39.272 | INFO     | app.core.auth:get_current_user:106 - 用户认证成功: admin
2026-04-24 16:50:39.587 | INFO     | app.core.auth:get_current_user:106 - 用户认证成功: admin
2026-04-24 16:50:39.588 | INFO     | app.api.v1.permissions:get_permissions:42 - 获取权限列表 by admin
2026-04-24 16:50:39.592 | INFO     | app.api.v1.permissions:get_permissions:44 - 获取到 6 个权限
2026-04-24 16:50:41.242 | INFO     | app.core.auth:get_current_user:106 - 用户认证成功: admin
2026-04-24 16:50:41.244 | INFO     | app.api.v1.permissions:get_permissions:42 - 获取权限列表 by admin
2026-04-24 16:50:41.250 | INFO     | app.api.v1.permissions:get_permissions:44 - 获取到 6 个权限
2026-04-24 16:50:46.601 | INFO     | app.core.auth:get_current_user:106 - 用户认证成功: admin
2026-04-24 16:50:46.602 | INFO     | app.api.v1.products:get_products:57 - 获取商品列表请求 by admin
2026-04-24 16:50:46.615 | INFO     | app.api.v1.products:get_products:61 - 获取商品列表成功，共 1 个商品
2026-04-24 16:50:49.399 | INFO     | app.core.auth:get_current_user:106 - 用户认证成功: admin
2026-04-24 16:50:49.401 | INFO     | app.api.v1.permissions:get_permissions:42 - 获取权限列表 by admin
2026-04-24 16:50:49.417 | INFO     | app.api.v1.permissions:get_permissions:44 - 获取到 6 个权限
2026-04-24 16:52:58.987 | INFO     | app.core.auth:get_current_user:106 - 用户认证成功: admin
2026-04-24 16:52:58.989 | INFO     | app.api.v1.permissions:create_permission:77 - 创建权限请求: product:create by admin
2026-04-24 16:52:59.017 | INFO     | app.api.v1.permissions:create_permission:98 - 权限创建成功: product:create
2026-04-24 16:52:59.229 | INFO     | app.core.auth:get_current_user:106 - 用户认证成功: admin
2026-04-24 16:52:59.231 | INFO     | app.api.v1.permissions:get_permissions:42 - 获取权限列表 by admin
2026-04-24 16:52:59.236 | INFO     | app.api.v1.permissions:get_permissions:44 - 获取到 7 个权限
2026-04-24 16:53:12.347 | INFO     | app.core.auth:get_current_user:106 - 用户认证成功: admin
2026-04-24 16:53:12.348 | INFO     | app.api.v1.permissions:create_permission:77 - 创建权限请求: product:read by admin
2026-04-24 16:53:12.373 | INFO     | app.api.v1.permissions:create_permission:98 - 权限创建成功: product:read
2026-04-24 16:53:12.727 | INFO     | app.core.auth:get_current_user:106 - 用户认证成功: admin
2026-04-24 16:53:12.728 | INFO     | app.api.v1.permissions:get_permissions:42 - 获取权限列表 by admin
2026-04-24 16:53:12.735 | INFO     | app.api.v1.permissions:get_permissions:44 - 获取到 8 个权限
2026-04-24 16:53:34.126 | INFO     | app.core.auth:get_current_user:106 - 用户认证成功: admin
2026-04-24 16:53:34.129 | INFO     | app.api.v1.permissions:create_permission:77 - 创建权限请求: product:update by admin
2026-04-24 16:53:34.159 | INFO     | app.api.v1.permissions:create_permission:98 - 权限创建成功: product:update
2026-04-24 16:53:34.515 | INFO     | app.core.auth:get_current_user:106 - 用户认证成功: admin
2026-04-24 16:53:34.522 | INFO     | app.api.v1.permissions:get_permissions:42 - 获取权限列表 by admin
2026-04-24 16:53:34.539 | INFO     | app.api.v1.permissions:get_permissions:44 - 获取到 9 个权限
2026-04-24 16:53:46.745 | INFO     | app.core.auth:get_current_user:106 - 用户认证成功: admin
2026-04-24 16:53:46.747 | INFO     | app.api.v1.permissions:create_permission:77 - 创建权限请求: product:delete by admin
2026-04-24 16:53:46.775 | INFO     | app.api.v1.permissions:create_permission:98 - 权限创建成功: product:delete
2026-04-24 16:53:47.131 | INFO     | app.core.auth:get_current_user:106 - 用户认证成功: admin
2026-04-24 16:53:47.132 | INFO     | app.api.v1.permissions:get_permissions:42 - 获取权限列表 by admin
2026-04-24 16:53:47.137 | INFO     | app.api.v1.permissions:get_permissions:44 - 获取到 10 个权限
2026-04-24 16:53:49.681 | INFO     | app.core.auth:get_current_user:106 - 用户认证成功: admin
2026-04-24 16:53:49.994 | INFO     | app.core.auth:get_current_user:106 - 用户认证成功: admin
2026-04-24 16:53:49.996 | INFO     | app.api.v1.permissions:get_permissions:42 - 获取权限列表 by admin
2026-04-24 16:53:50.006 | INFO     | app.api.v1.permissions:get_permissions:44 - 获取到 10 个权限
2026-04-24 16:54:56.115 | INFO     | app.api.v1.auth:login:22 - 登录尝试: user
2026-04-24 16:54:56.804 | INFO     | app.api.v1.auth:login:55 - 登录成功: user
2026-04-24 16:55:14.239 | INFO     | app.api.v1.auth:login:22 - 登录尝试: admin
2026-04-24 16:55:14.860 | INFO     | app.api.v1.auth:login:55 - 登录成功: admin
2026-04-24 16:55:18.114 | INFO     | app.core.auth:get_current_user:106 - 用户认证成功: admin
2026-04-24 16:55:18.125 | INFO     | app.api.v1.permissions:get_permissions:42 - 获取权限列表 by admin
2026-04-24 16:55:18.145 | INFO     | app.api.v1.permissions:get_permissions:44 - 获取到 10 个权限
2026-04-24 16:55:20.674 | INFO     | app.core.auth:get_current_user:106 - 用户认证成功: admin
2026-04-24 16:55:20.676 | INFO     | app.api.v1.users:get_users:24 - 获取用户列表 by admin
2026-04-24 16:55:20.687 | INFO     | app.api.v1.users:get_users:26 - 获取到 3 个用户
2026-04-24 16:55:20.979 | INFO     | app.core.auth:get_current_user:106 - 用户认证成功: admin
2026-04-24 16:55:30.242 | INFO     | app.core.auth:get_current_user:106 - 用户认证成功: admin
2026-04-24 16:55:30.244 | INFO     | app.api.v1.permissions:get_permissions:42 - 获取权限列表 by admin
2026-04-24 16:55:30.249 | INFO     | app.api.v1.permissions:get_permissions:44 - 获取到 10 个权限
2026-04-24 16:55:32.359 | INFO     | app.core.auth:get_current_user:106 - 用户认证成功: admin
2026-04-24 16:55:32.364 | INFO     | app.api.v1.users:get_users:24 - 获取用户列表 by admin
2026-04-24 16:55:32.375 | INFO     | app.api.v1.users:get_users:26 - 获取到 3 个用户
2026-04-24 16:55:32.443 | INFO     | app.core.auth:get_current_user:106 - 用户认证成功: admin
2026-04-24 17:00:28.738 | INFO     | app.core.auth:get_current_user:106 - 用户认证成功: admin
2026-04-24 17:00:28.739 | INFO     | app.api.v1.users:get_users:24 - 获取用户列表 by admin
2026-04-24 17:00:28.743 | INFO     | app.api.v1.users:get_users:26 - 获取到 3 个用户
2026-04-24 17:00:28.772 | INFO     | app.core.auth:get_current_user:106 - 用户认证成功: admin
2026-04-24 17:00:35.812 | INFO     | app.core.auth:get_current_user:106 - 用户认证成功: admin
2026-04-24 17:00:36.124 | INFO     | app.core.auth:get_current_user:106 - 用户认证成功: admin
2026-04-24 17:00:36.125 | INFO     | app.api.v1.permissions:get_permissions:42 - 获取权限列表 by admin
2026-04-24 17:00:36.130 | INFO     | app.api.v1.permissions:get_permissions:44 - 获取到 10 个权限
2026-04-24 17:01:13.532 | INFO     | app.core.auth:get_current_user:106 - 用户认证成功: admin
2026-04-24 17:01:13.789 | INFO     | app.core.auth:get_current_user:106 - 用户认证成功: admin
2026-04-24 17:01:16.924 | INFO     | app.core.auth:get_current_user:106 - 用户认证成功: admin
2026-04-24 17:01:16.930 | INFO     | app.api.v1.users:get_users:24 - 获取用户列表 by admin
2026-04-24 17:01:16.937 | INFO     | app.api.v1.users:get_users:26 - 获取到 3 个用户
2026-04-24 17:01:17.232 | INFO     | app.core.auth:get_current_user:106 - 用户认证成功: admin
2026-04-24 17:01:23.593 | INFO     | app.core.auth:get_current_user:106 - 用户认证成功: admin
2026-04-24 17:01:23.594 | INFO     | app.api.v1.users:update_user:124 - 更新用户请求: 2 by admin
2026-04-24 17:01:23.623 | INFO     | app.api.v1.users:update_user:151 - 用户更新成功: user
2026-04-24 17:01:23.851 | INFO     | app.core.auth:get_current_user:106 - 用户认证成功: admin
2026-04-24 17:01:23.854 | INFO     | app.api.v1.users:get_users:24 - 获取用户列表 by admin
2026-04-24 17:01:23.862 | INFO     | app.api.v1.users:get_users:26 - 获取到 3 个用户
2026-04-24 17:01:39.536 | INFO     | app.api.v1.auth:login:22 - 登录尝试: user 
2026-04-24 17:01:39.540 | WARNING  | app.api.v1.auth:login:28 - 登录失败 - 用户不存在: user 
2026-04-24 17:01:42.982 | INFO     | app.api.v1.auth:login:22 - 登录尝试: user
2026-04-24 17:01:43.452 | INFO     | app.api.v1.auth:login:55 - 登录成功: user
2026-04-24 17:02:00.679 | INFO     | app.api.v1.auth:login:22 - 登录尝试: admin
2026-04-24 17:02:01.086 | INFO     | app.api.v1.auth:login:55 - 登录成功: admin
2026-04-24 17:02:02.429 | INFO     | app.core.auth:get_current_user:106 - 用户认证成功: admin
2026-04-24 17:02:02.734 | INFO     | app.core.auth:get_current_user:106 - 用户认证成功: admin
2026-04-24 17:02:02.735 | INFO     | app.api.v1.permissions:get_permissions:42 - 获取权限列表 by admin
2026-04-24 17:02:02.747 | INFO     | app.api.v1.permissions:get_permissions:44 - 获取到 10 个权限
2026-04-24 17:02:07.025 | INFO     | app.core.auth:get_current_user:106 - 用户认证成功: admin
2026-04-24 17:02:07.033 | INFO     | app.api.v1.users:get_users:24 - 获取用户列表 by admin
2026-04-24 17:02:07.039 | INFO     | app.api.v1.users:get_users:26 - 获取到 3 个用户
2026-04-24 17:02:07.322 | INFO     | app.core.auth:get_current_user:106 - 用户认证成功: admin
2026-04-24 17:02:09.753 | INFO     | app.core.auth:get_current_user:106 - 用户认证成功: admin
2026-04-24 17:02:09.754 | INFO     | app.api.v1.permissions:get_permissions:42 - 获取权限列表 by admin
2026-04-24 17:02:09.765 | INFO     | app.api.v1.permissions:get_permissions:44 - 获取到 10 个权限
2026-04-24 17:02:13.265 | INFO     | app.core.auth:get_current_user:106 - 用户认证成功: admin
2026-04-24 17:02:13.561 | INFO     | app.core.auth:get_current_user:106 - 用户认证成功: admin
2026-04-24 17:02:13.563 | INFO     | app.api.v1.permissions:get_permissions:42 - 获取权限列表 by admin
2026-04-24 17:02:13.569 | INFO     | app.api.v1.permissions:get_permissions:44 - 获取到 10 个权限
2026-04-24 17:08:12.441 | INFO     | app.core.logger:<module>:40 - Logger initialized successfully
2026-04-24 17:08:28.548 | INFO     | app.core.auth:get_current_user:106 - 用户认证成功: admin
2026-04-24 17:09:21.237 | INFO     | app.core.logger:<module>:40 - Logger initialized successfully
2026-04-24 17:21:24.637 | INFO     | app.core.auth:get_current_user:106 - 用户认证成功: admin
2026-04-24 17:21:24.716 | INFO     | app.core.auth:get_current_user:106 - 用户认证成功: admin
2026-04-24 17:21:25.962 | INFO     | app.core.auth:get_current_user:106 - 用户认证成功: admin
2026-04-24 17:21:29.195 | INFO     | app.core.auth:get_current_user:106 - 用户认证成功: admin
2026-04-24 17:21:29.503 | INFO     | app.core.auth:get_current_user:106 - 用户认证成功: admin
2026-04-24 17:21:29.504 | INFO     | app.api.v1.permissions:get_permissions:42 - 获取权限列表 by admin
2026-04-24 17:21:29.510 | INFO     | app.api.v1.permissions:get_permissions:44 - 获取到 10 个权限
2026-04-24 17:21:31.581 | INFO     | app.core.auth:get_current_user:106 - 用户认证成功: admin
2026-04-24 17:21:31.583 | INFO     | app.api.v1.permissions:get_permissions:42 - 获取权限列表 by admin
2026-04-24 17:21:31.595 | INFO     | app.api.v1.permissions:get_permissions:44 - 获取到 10 个权限
2026-04-24 17:21:34.613 | INFO     | app.core.auth:get_current_user:106 - 用户认证成功: admin
2026-04-24 17:21:34.617 | INFO     | app.api.v1.products:get_products:57 - 获取商品列表请求 by admin
2026-04-24 17:21:34.635 | INFO     | app.api.v1.products:get_products:61 - 获取商品列表成功，共 1 个商品
2026-04-24 17:21:46.365 | INFO     | app.api.v1.auth:login:22 - 登录尝试: user
2026-04-24 17:21:46.764 | INFO     | app.api.v1.auth:login:55 - 登录成功: user
2026-04-24 17:21:46.884 | INFO     | app.core.auth:get_current_user:106 - 用户认证成功: user
2026-04-24 17:25:53.050 | INFO     | app.core.logger:<module>:40 - Logger initialized successfully
2026-04-24 17:26:43.282 | INFO     | app.core.auth:get_current_user:106 - 用户认证成功: user
2026-04-24 17:26:43.344 | INFO     | app.core.auth:get_current_user:106 - 用户认证成功: user
2026-04-24 17:26:44.926 | INFO     | app.core.auth:get_current_user:106 - 用户认证成功: user
2026-04-24 17:26:48.413 | INFO     | app.core.auth:get_current_user:106 - 用户认证成功: user
2026-04-24 17:26:48.422 | INFO     | app.api.v1.products:get_products:57 - 获取商品列表请求 by user
2026-04-24 17:26:48.435 | INFO     | app.api.v1.products:get_products:61 - 获取商品列表成功，共 1 个商品
2026-04-24 17:26:55.141 | INFO     | app.core.auth:get_current_user:106 - 用户认证成功: user
2026-04-24 17:26:55.146 | INFO     | app.api.v1.products:update_product:132 - 更新商品请求: 1 by user
2026-04-24 17:26:55.170 | INFO     | app.api.v1.products:update_product:157 - 商品更新成功: 1111
2026-04-24 17:26:55.389 | INFO     | app.core.auth:get_current_user:106 - 用户认证成功: user
2026-04-24 17:26:55.399 | INFO     | app.api.v1.products:get_products:57 - 获取商品列表请求 by user
2026-04-24 17:26:55.402 | INFO     | app.api.v1.products:get_products:61 - 获取商品列表成功，共 1 个商品
2026-04-24 17:27:02.889 | INFO     | app.api.v1.auth:login:22 - 登录尝试: admin
2026-04-24 17:27:03.525 | INFO     | app.api.v1.auth:login:55 - 登录成功: admin
2026-04-24 17:27:04.031 | INFO     | app.core.auth:get_current_user:106 - 用户认证成功: admin
2026-04-24 17:27:05.388 | INFO     | app.core.auth:get_current_user:106 - 用户认证成功: admin
2026-04-24 17:27:05.389 | INFO     | app.api.v1.products:get_products:57 - 获取商品列表请求 by admin
2026-04-24 17:27:05.395 | INFO     | app.api.v1.products:get_products:61 - 获取商品列表成功，共 1 个商品
2026-04-24 17:27:15.696 | INFO     | app.core.auth:get_current_user:106 - 用户认证成功: admin
2026-04-24 17:27:15.697 | INFO     | app.api.v1.products:create_product:95 - 创建商品请求: 222 by admin
2026-04-24 17:27:15.747 | INFO     | app.api.v1.products:create_product:119 - 商品创建成功: 222
2026-04-24 17:27:15.957 | INFO     | app.core.auth:get_current_user:106 - 用户认证成功: admin
2026-04-24 17:27:15.958 | INFO     | app.api.v1.products:get_products:57 - 获取商品列表请求 by admin
2026-04-24 17:27:15.964 | INFO     | app.api.v1.products:get_products:61 - 获取商品列表成功，共 2 个商品
2026-04-24 17:27:44.933 | INFO     | app.api.v1.auth:login:22 - 登录尝试: user
2026-04-24 17:27:45.462 | INFO     | app.api.v1.auth:login:55 - 登录成功: user
2026-04-24 17:27:45.771 | INFO     | app.core.auth:get_current_user:106 - 用户认证成功: user
2026-04-24 17:27:45.793 | INFO     | app.api.v1.products:get_products:57 - 获取商品列表请求 by user
2026-04-24 17:27:45.822 | INFO     | app.api.v1.products:get_products:61 - 获取商品列表成功，共 2 个商品
2026-04-24 17:27:58.520 | INFO     | app.core.auth:get_current_user:106 - 用户认证成功: admin
2026-04-24 17:27:58.522 | INFO     | app.api.v1.permissions:get_permissions:42 - 获取权限列表 by admin
2026-04-24 17:27:58.571 | INFO     | app.api.v1.permissions:get_permissions:44 - 获取到 10 个权限
2026-04-24 17:28:32.282 | INFO     | app.core.auth:get_current_user:106 - 用户认证成功: admin
2026-04-24 17:28:32.284 | INFO     | app.api.v1.permissions:create_permission:77 - 创建权限请求: mobile:create by admin
2026-04-24 17:28:32.316 | INFO     | app.api.v1.permissions:create_permission:98 - 权限创建成功: mobile:create
2026-04-24 17:28:32.557 | INFO     | app.core.auth:get_current_user:106 - 用户认证成功: admin
2026-04-24 17:28:32.562 | INFO     | app.api.v1.permissions:get_permissions:42 - 获取权限列表 by admin
2026-04-24 17:28:32.573 | INFO     | app.api.v1.permissions:get_permissions:44 - 获取到 11 个权限
2026-04-24 17:28:48.935 | INFO     | app.core.auth:get_current_user:106 - 用户认证成功: admin
2026-04-24 17:28:48.936 | INFO     | app.api.v1.permissions:create_permission:77 - 创建权限请求: mobile:update by admin
2026-04-24 17:28:48.971 | INFO     | app.api.v1.permissions:create_permission:98 - 权限创建成功: mobile:update
2026-04-24 17:28:49.414 | INFO     | app.core.auth:get_current_user:106 - 用户认证成功: admin
2026-04-24 17:28:49.416 | INFO     | app.api.v1.permissions:get_permissions:42 - 获取权限列表 by admin
2026-04-24 17:28:49.423 | INFO     | app.api.v1.permissions:get_permissions:44 - 获取到 12 个权限
2026-04-24 17:29:05.391 | INFO     | app.core.auth:get_current_user:106 - 用户认证成功: admin
2026-04-24 17:29:05.393 | INFO     | app.api.v1.permissions:create_permission:77 - 创建权限请求: mobile:read by admin
2026-04-24 17:29:05.423 | INFO     | app.api.v1.permissions:create_permission:98 - 权限创建成功: mobile:read
2026-04-24 17:29:05.791 | INFO     | app.core.auth:get_current_user:106 - 用户认证成功: admin
2026-04-24 17:29:05.792 | INFO     | app.api.v1.permissions:get_permissions:42 - 获取权限列表 by admin
2026-04-24 17:29:05.805 | INFO     | app.api.v1.permissions:get_permissions:44 - 获取到 13 个权限
2026-04-24 17:29:18.207 | INFO     | app.core.auth:get_current_user:106 - 用户认证成功: admin
2026-04-24 17:29:18.209 | INFO     | app.api.v1.permissions:create_permission:77 - 创建权限请求: mobile:delete by admin
2026-04-24 17:29:18.230 | INFO     | app.api.v1.permissions:create_permission:98 - 权限创建成功: mobile:delete
2026-04-24 17:29:18.595 | INFO     | app.core.auth:get_current_user:106 - 用户认证成功: admin
2026-04-24 17:29:18.601 | INFO     | app.api.v1.permissions:get_permissions:42 - 获取权限列表 by admin
2026-04-24 17:29:18.616 | INFO     | app.api.v1.permissions:get_permissions:44 - 获取到 14 个权限
2026-04-24 17:29:19.569 | INFO     | app.core.auth:get_current_user:106 - 用户认证成功: admin
2026-04-24 17:29:19.903 | INFO     | app.core.auth:get_current_user:106 - 用户认证成功: admin
2026-04-24 17:29:19.909 | INFO     | app.api.v1.permissions:get_permissions:42 - 获取权限列表 by admin
2026-04-24 17:29:19.962 | INFO     | app.api.v1.permissions:get_permissions:44 - 获取到 14 个权限
2026-04-24 17:30:07.681 | INFO     | app.core.auth:get_current_user:106 - 用户认证成功: admin
2026-04-24 17:30:07.953 | INFO     | app.core.auth:get_current_user:106 - 用户认证成功: admin
2026-04-24 17:30:09.595 | INFO     | app.core.auth:get_current_user:106 - 用户认证成功: admin
2026-04-24 17:30:14.507 | INFO     | app.core.auth:get_current_user:106 - 用户认证成功: admin
2026-04-24 17:30:14.825 | INFO     | app.core.auth:get_current_user:106 - 用户认证成功: admin
2026-04-24 17:30:14.826 | INFO     | app.api.v1.permissions:get_permissions:42 - 获取权限列表 by admin
2026-04-24 17:30:14.840 | INFO     | app.api.v1.permissions:get_permissions:44 - 获取到 14 个权限
2026-04-24 17:30:16.590 | INFO     | app.core.auth:get_current_user:106 - 用户认证成功: admin
2026-04-24 17:30:16.591 | INFO     | app.api.v1.users:get_users:24 - 获取用户列表 by admin
2026-04-24 17:30:16.606 | INFO     | app.api.v1.users:get_users:26 - 获取到 3 个用户
2026-04-24 17:30:16.912 | INFO     | app.core.auth:get_current_user:106 - 用户认证成功: admin
2026-04-24 17:30:24.689 | INFO     | app.core.auth:get_current_user:106 - 用户认证成功: admin
2026-04-24 17:30:24.690 | INFO     | app.api.v1.users:update_user:124 - 更新用户请求: 2 by admin
2026-04-24 17:30:24.721 | INFO     | app.api.v1.users:update_user:151 - 用户更新成功: user
2026-04-24 17:30:24.949 | INFO     | app.core.auth:get_current_user:106 - 用户认证成功: admin
2026-04-24 17:30:24.950 | INFO     | app.api.v1.users:get_users:24 - 获取用户列表 by admin
2026-04-24 17:30:24.955 | INFO     | app.api.v1.users:get_users:26 - 获取到 3 个用户
2026-04-24 17:31:26.447 | INFO     | app.core.auth:get_current_user:106 - 用户认证成功: admin
2026-04-24 17:31:26.449 | INFO     | app.api.v1.users:update_user:124 - 更新用户请求: 2 by admin
2026-04-24 17:31:26.501 | INFO     | app.api.v1.users:update_user:151 - 用户更新成功: user
2026-04-24 17:31:26.712 | INFO     | app.core.auth:get_current_user:106 - 用户认证成功: admin
2026-04-24 17:31:26.714 | INFO     | app.api.v1.users:get_users:24 - 获取用户列表 by admin
2026-04-24 17:31:26.733 | INFO     | app.api.v1.users:get_users:26 - 获取到 3 个用户
2026-04-24 17:31:34.307 | INFO     | app.core.auth:get_current_user:106 - 用户认证成功: admin
2026-04-24 17:31:34.308 | INFO     | app.api.v1.users:update_user:124 - 更新用户请求: 2 by admin
2026-04-24 17:31:34.337 | INFO     | app.api.v1.users:update_user:151 - 用户更新成功: user
2026-04-24 17:31:34.705 | INFO     | app.core.auth:get_current_user:106 - 用户认证成功: admin
2026-04-24 17:31:34.706 | INFO     | app.api.v1.users:get_users:24 - 获取用户列表 by admin
2026-04-24 17:31:34.709 | INFO     | app.api.v1.users:get_users:26 - 获取到 3 个用户
2026-04-24 17:31:38.731 | INFO     | app.core.auth:get_current_user:106 - 用户认证成功: user
2026-04-24 17:31:38.814 | INFO     | app.core.auth:get_current_user:106 - 用户认证成功: user
2026-04-24 17:31:41.878 | INFO     | app.core.auth:get_current_user:106 - 用户认证成功: user
2026-04-24 17:31:58.466 | INFO     | app.core.auth:get_current_user:106 - 用户认证成功: admin
2026-04-24 17:31:58.469 | INFO     | app.api.v1.permissions:get_permissions:42 - 获取权限列表 by admin
2026-04-24 17:31:58.476 | INFO     | app.api.v1.permissions:get_permissions:44 - 获取到 14 个权限
2026-04-24 17:32:01.200 | INFO     | app.core.auth:get_current_user:106 - 用户认证成功: admin
2026-04-24 17:32:01.504 | INFO     | app.core.auth:get_current_user:106 - 用户认证成功: admin
2026-04-24 17:32:01.505 | INFO     | app.api.v1.permissions:get_permissions:42 - 获取权限列表 by admin
2026-04-24 17:32:01.517 | INFO     | app.api.v1.permissions:get_permissions:44 - 获取到 14 个权限
2026-04-24 17:32:08.419 | INFO     | app.core.auth:get_current_user:106 - 用户认证成功: admin
2026-04-24 17:32:08.420 | INFO     | app.api.v1.users:get_users:24 - 获取用户列表 by admin
2026-04-24 17:32:08.425 | INFO     | app.api.v1.users:get_users:26 - 获取到 3 个用户
2026-04-24 17:32:08.455 | INFO     | app.core.auth:get_current_user:106 - 用户认证成功: admin
2026-04-24 17:33:43.296 | INFO     | app.core.auth:get_current_user:106 - 用户认证成功: user
2026-04-24 17:33:43.436 | INFO     | app.core.auth:get_current_user:106 - 用户认证成功: user
2026-04-24 17:33:43.586 | INFO     | app.core.auth:get_current_user:106 - 用户认证成功: user
2026-04-24 17:33:52.927 | INFO     | app.core.auth:get_current_user:106 - 用户认证成功: admin
2026-04-24 17:33:52.986 | INFO     | app.core.auth:get_current_user:106 - 用户认证成功: admin
2026-04-24 17:33:56.072 | INFO     | app.core.auth:get_current_user:106 - 用户认证成功: admin
2026-04-24 17:34:00.408 | INFO     | app.core.auth:get_current_user:106 - 用户认证成功: admin
2026-04-24 17:34:00.457 | INFO     | app.core.auth:get_current_user:106 - 用户认证成功: admin
2026-04-24 17:34:00.463 | INFO     | app.api.v1.permissions:get_permissions:42 - 获取权限列表 by admin
2026-04-24 17:34:00.468 | INFO     | app.api.v1.permissions:get_permissions:44 - 获取到 14 个权限
2026-04-24 17:34:04.497 | INFO     | app.core.auth:get_current_user:106 - 用户认证成功: admin
2026-04-24 17:34:04.500 | INFO     | app.api.v1.users:get_users:24 - 获取用户列表 by admin
2026-04-24 17:34:04.505 | INFO     | app.api.v1.users:get_users:26 - 获取到 3 个用户
2026-04-24 17:34:04.825 | INFO     | app.core.auth:get_current_user:106 - 用户认证成功: admin
2026-04-24 17:34:41.191 | INFO     | app.core.logger:<module>:40 - Logger initialized successfully
2026-04-24 17:34:44.249 | INFO     | app.api.v1.auth:login:22 - 登录尝试: admin
2026-04-24 17:34:44.657 | INFO     | app.api.v1.auth:login:55 - 登录成功: admin
2026-04-24 17:34:44.918 | INFO     | app.core.auth:get_current_user:106 - 用户认证成功: admin
2026-04-24 17:34:47.464 | INFO     | app.core.auth:get_current_user:106 - 用户认证成功: admin
2026-04-24 17:34:47.536 | INFO     | app.core.auth:get_current_user:106 - 用户认证成功: admin
2026-04-24 17:34:47.539 | INFO     | app.api.v1.permissions:get_permissions:42 - 获取权限列表 by admin
2026-04-24 17:34:47.551 | INFO     | app.api.v1.permissions:get_permissions:44 - 获取到 14 个权限
2026-04-24 17:34:51.206 | INFO     | app.core.auth:get_current_user:106 - 用户认证成功: admin
2026-04-24 17:34:51.207 | INFO     | app.api.v1.permissions:get_permissions:42 - 获取权限列表 by admin
2026-04-24 17:34:51.210 | INFO     | app.api.v1.permissions:get_permissions:44 - 获取到 14 个权限
2026-04-24 17:34:55.360 | INFO     | app.core.auth:get_current_user:106 - 用户认证成功: admin
2026-04-24 17:34:55.363 | INFO     | app.api.v1.users:get_users:24 - 获取用户列表 by admin
2026-04-24 17:34:55.376 | INFO     | app.api.v1.users:get_users:26 - 获取到 3 个用户
2026-04-24 17:34:55.509 | INFO     | app.core.auth:get_current_user:106 - 用户认证成功: admin
2026-04-24 17:37:13.102 | INFO     | app.core.auth:get_current_user:106 - 用户认证成功: admin
2026-04-24 17:37:13.105 | INFO     | app.api.v1.users:get_users:24 - 获取用户列表 by admin
2026-04-24 17:37:13.112 | INFO     | app.api.v1.users:get_users:26 - 获取到 3 个用户
2026-04-24 17:37:13.200 | INFO     | app.core.auth:get_current_user:106 - 用户认证成功: admin
2026-04-24 17:40:03.639 | INFO     | app.core.logger:<module>:40 - Logger initialized successfully
2026-04-24 17:40:19.270 | INFO     | app.core.logger:<module>:40 - Logger initialized successfully
2026-04-24 17:40:28.036 | INFO     | app.core.logger:<module>:40 - Logger initialized successfully
2026-04-24 17:40:34.273 | INFO     | app.core.logger:<module>:40 - Logger initialized successfully
2026-04-24 17:40:50.367 | INFO     | app.core.auth:get_current_user:106 - 用户认证成功: user
2026-04-24 17:40:51.226 | INFO     | app.core.auth:get_current_user:106 - 用户认证成功: user
2026-04-24 17:40:51.833 | INFO     | app.core.auth:get_current_user:106 - 用户认证成功: user
2026-04-24 17:40:52.477 | INFO     | app.core.auth:get_current_user:106 - 用户认证成功: admin
2026-04-24 17:40:52.602 | INFO     | app.core.auth:get_current_user:106 - 用户认证成功: admin
2026-04-24 17:40:52.657 | INFO     | app.core.auth:get_current_user:106 - 用户认证成功: admin
2026-04-24 17:40:52.763 | INFO     | app.core.auth:get_current_user:106 - 用户认证成功: admin
2026-04-24 17:41:15.397 | INFO     | app.core.auth:get_current_user:106 - 用户认证成功: user
2026-04-24 17:41:15.569 | INFO     | app.core.auth:get_current_user:106 - 用户认证成功: user
2026-04-24 17:41:22.866 | INFO     | app.core.auth:get_current_user:106 - 用户认证成功: admin
2026-04-24 17:41:57.416 | INFO     | app.core.auth:get_current_user:106 - 用户认证成功: user
2026-04-24 17:41:57.475 | INFO     | app.core.auth:get_current_user:106 - 用户认证成功: user
2026-04-24 17:42:22.485 | INFO     | app.core.auth:get_current_user:106 - 用户认证成功: admin
2026-04-24 17:42:22.575 | INFO     | app.core.auth:get_current_user:106 - 用户认证成功: admin
2026-04-24 17:43:41.932 | INFO     | app.core.auth:get_current_user:106 - 用户认证成功: admin
2026-04-24 17:44:32.935 | INFO     | app.core.auth:get_current_user:106 - 用户认证成功: user
2026-04-24 17:44:33.010 | INFO     | app.core.auth:get_current_user:106 - 用户认证成功: user
2026-04-24 17:44:33.119 | INFO     | app.core.auth:get_current_user:106 - 用户认证成功: user
2026-04-24 17:44:44.149 | INFO     | app.core.auth:get_current_user:106 - 用户认证成功: admin
2026-04-24 17:44:44.207 | INFO     | app.core.auth:get_current_user:106 - 用户认证成功: admin
2026-04-24 17:44:45.625 | INFO     | app.core.auth:get_current_user:106 - 用户认证成功: admin
2026-04-24 17:44:48.016 | INFO     | app.core.auth:get_current_user:106 - 用户认证成功: admin
2026-04-24 17:44:48.018 | INFO     | app.api.v1.phones:get_phones:61 - 获取手机列表请求 by admin
2026-04-24 17:44:48.050 | INFO     | app.api.v1.phones:get_phones:65 - 获取手机列表成功，共 0 个手机
2026-04-24 17:44:56.805 | INFO     | app.core.auth:get_current_user:106 - 用户认证成功: admin
2026-04-24 17:44:56.808 | INFO     | app.api.v1.products:get_products:57 - 获取商品列表请求 by admin
2026-04-24 17:44:56.824 | INFO     | app.api.v1.products:get_products:61 - 获取商品列表成功，共 2 个商品
2026-04-24 17:44:58.904 | INFO     | app.core.auth:get_current_user:106 - 用户认证成功: admin
2026-04-24 17:44:58.911 | INFO     | app.api.v1.phones:get_phones:61 - 获取手机列表请求 by admin
2026-04-24 17:44:58.918 | INFO     | app.api.v1.phones:get_phones:65 - 获取手机列表成功，共 0 个手机
2026-04-24 17:45:27.671 | INFO     | app.core.auth:get_current_user:106 - 用户认证成功: admin
2026-04-24 17:45:27.772 | INFO     | app.core.auth:get_current_user:106 - 用户认证成功: admin
2026-04-24 17:45:27.775 | INFO     | app.api.v1.permissions:get_permissions:42 - 获取权限列表 by admin
2026-04-24 17:45:27.784 | INFO     | app.api.v1.permissions:get_permissions:44 - 获取到 14 个权限
2026-04-24 17:45:31.566 | INFO     | app.core.auth:get_current_user:106 - 用户认证成功: admin
2026-04-24 17:45:31.649 | INFO     | app.core.auth:get_current_user:106 - 用户认证成功: admin
2026-04-24 17:45:31.651 | INFO     | app.api.v1.users:get_users:24 - 获取用户列表 by admin
2026-04-24 17:45:31.678 | INFO     | app.api.v1.users:get_users:26 - 获取到 3 个用户
2026-04-24 17:45:40.159 | INFO     | app.core.auth:get_current_user:106 - 用户认证成功: admin
2026-04-24 17:45:40.163 | INFO     | app.api.v1.users:update_user:124 - 更新用户请求: 2 by admin
2026-04-24 17:45:40.204 | INFO     | app.api.v1.users:update_user:151 - 用户更新成功: user
2026-04-24 17:45:40.422 | INFO     | app.core.auth:get_current_user:106 - 用户认证成功: admin
2026-04-24 17:45:40.423 | INFO     | app.api.v1.users:get_users:24 - 获取用户列表 by admin
2026-04-24 17:45:40.427 | INFO     | app.api.v1.users:get_users:26 - 获取到 3 个用户
2026-04-24 17:45:44.318 | INFO     | app.core.auth:get_current_user:106 - 用户认证成功: user
2026-04-24 17:45:44.654 | INFO     | app.core.auth:get_current_user:106 - 用户认证成功: user
2026-04-24 17:45:44.897 | INFO     | app.core.auth:get_current_user:106 - 用户认证成功: user
2026-04-24 17:45:46.596 | INFO     | app.core.auth:get_current_user:106 - 用户认证成功: user
2026-04-24 17:45:46.841 | INFO     | app.api.v1.products:get_products:57 - 获取商品列表请求 by user
2026-04-24 17:45:46.910 | INFO     | app.api.v1.products:get_products:61 - 获取商品列表成功，共 2 个商品
2026-04-24 17:46:11.737 | INFO     | app.core.auth:get_current_user:106 - 用户认证成功: admin
2026-04-24 17:46:11.742 | INFO     | app.api.v1.permissions:get_permissions:42 - 获取权限列表 by admin
2026-04-24 17:46:11.774 | INFO     | app.api.v1.permissions:get_permissions:44 - 获取到 14 个权限
2026-04-24 17:46:31.298 | INFO     | app.core.logger:<module>:40 - Logger initialized successfully
2026-04-24 17:46:46.115 | INFO     | app.core.logger:<module>:40 - Logger initialized successfully
2026-04-24 17:46:58.695 | INFO     | app.core.auth:get_current_user:106 - 用户认证成功: user
2026-04-24 17:46:58.852 | INFO     | app.core.auth:get_current_user:106 - 用户认证成功: user
2026-04-24 17:47:00.585 | INFO     | app.core.auth:get_current_user:106 - 用户认证成功: user
2026-04-24 17:47:02.072 | INFO     | app.core.auth:get_current_user:106 - 用户认证成功: user
2026-04-24 17:47:02.147 | INFO     | app.api.v1.products:get_products:57 - 获取商品列表请求 by user
2026-04-24 17:47:02.400 | INFO     | app.api.v1.products:get_products:61 - 获取商品列表成功，共 2 个商品
2026-04-24 17:47:03.846 | INFO     | app.core.auth:get_current_user:106 - 用户认证成功: user
2026-04-24 17:47:43.570 | INFO     | app.core.logger:<module>:40 - Logger initialized successfully
2026-04-24 17:47:45.161 | INFO     | app.core.auth:get_current_user:106 - 用户认证成功: user
2026-04-24 17:47:45.246 | INFO     | app.core.auth:get_current_user:106 - 用户认证成功: user
2026-04-24 17:47:45.414 | INFO     | app.core.auth:get_current_user:106 - 用户认证成功: user
2026-04-24 17:47:45.477 | INFO     | app.core.auth:get_current_user:106 - 用户认证成功: user
2026-04-24 17:47:45.577 | INFO     | app.core.auth:get_current_user:106 - 用户认证成功: user
2026-04-24 17:48:14.767 | INFO     | app.core.logger:<module>:40 - Logger initialized successfully
2026-04-24 17:48:40.459 | INFO     | app.core.logger:<module>:40 - Logger initialized successfully
2026-04-24 17:49:12.831 | INFO     | app.core.logger:<module>:40 - Logger initialized successfully
2026-04-24 17:49:15.852 | INFO     | app.core.auth:get_current_user:106 - 用户认证成功: user
2026-04-24 17:49:16.122 | INFO     | app.core.auth:get_current_user:106 - 用户认证成功: user
2026-04-24 17:49:19.800 | INFO     | app.core.auth:get_current_user:106 - 用户认证成功: admin
2026-04-24 17:49:21.212 | INFO     | app.core.auth:get_current_user:106 - 用户认证成功: admin
2026-04-24 17:49:22.283 | INFO     | app.core.auth:get_current_user:106 - 用户认证成功: admin
2026-04-24 17:49:23.629 | INFO     | app.core.auth:get_current_user:106 - 用户认证成功: admin
2026-04-24 17:49:35.757 | INFO     | app.core.auth:get_current_user:106 - 用户认证成功: user
2026-04-24 17:49:59.327 | INFO     | app.core.auth:get_current_user:106 - 用户认证成功: admin
2026-04-24 17:52:22.283 | INFO     | app.core.auth:get_current_user:106 - 用户认证成功: user
2026-04-24 17:52:22.351 | INFO     | app.core.auth:get_current_user:106 - 用户认证成功: user
2026-04-24 17:52:22.419 | INFO     | app.core.auth:get_current_user:106 - 用户认证成功: user
2026-04-24 17:52:24.612 | INFO     | app.core.auth:get_current_user:106 - 用户认证成功: user
2026-04-24 17:52:24.625 | INFO     | app.api.v1.products:get_products:57 - 获取商品列表请求 by user
2026-04-24 17:52:24.632 | INFO     | app.api.v1.products:get_products:61 - 获取商品列表成功，共 2 个商品
2026-04-24 17:52:26.290 | INFO     | app.core.auth:get_current_user:106 - 用户认证成功: user
2026-04-24 17:52:42.723 | INFO     | app.core.auth:get_current_user:106 - 用户认证成功: user
2026-04-24 17:52:42.798 | INFO     | app.core.auth:get_current_user:106 - 用户认证成功: user
2026-04-24 17:52:42.858 | INFO     | app.core.auth:get_current_user:106 - 用户认证成功: user
2026-04-24 17:52:43.607 | INFO     | app.core.auth:get_current_user:106 - 用户认证成功: user
2026-04-24 17:52:43.675 | INFO     | app.core.auth:get_current_user:106 - 用户认证成功: user
2026-04-24 17:52:43.745 | INFO     | app.core.auth:get_current_user:106 - 用户认证成功: user
2026-04-24 17:54:52.120 | INFO     | app.api.v1.auth:login:22 - 登录尝试: user
2026-04-24 17:54:52.602 | INFO     | app.api.v1.auth:login:55 - 登录成功: user
2026-04-24 17:54:52.708 | INFO     | app.core.auth:get_current_user:106 - 用户认证成功: user
2026-04-24 17:55:08.153 | INFO     | app.core.auth:get_current_user:106 - 用户认证成功: admin
2026-04-24 17:55:10.748 | INFO     | app.core.auth:get_current_user:106 - 用户认证成功: admin
2026-04-24 17:55:10.761 | INFO     | app.api.v1.phones:get_phones:61 - 获取手机列表请求 by admin
2026-04-24 17:55:10.777 | INFO     | app.api.v1.phones:get_phones:65 - 获取手机列表成功，共 0 个手机
2026-04-24 17:55:11.479 | INFO     | app.core.auth:get_current_user:106 - 用户认证成功: admin
2026-04-24 17:55:11.486 | INFO     | app.api.v1.products:get_products:57 - 获取商品列表请求 by admin
2026-04-24 17:55:11.494 | INFO     | app.api.v1.products:get_products:61 - 获取商品列表成功，共 2 个商品
2026-04-24 17:55:13.214 | INFO     | app.core.auth:get_current_user:106 - 用户认证成功: admin
2026-04-24 17:55:13.218 | INFO     | app.api.v1.permissions:get_permissions:42 - 获取权限列表 by admin
2026-04-24 17:55:13.230 | INFO     | app.api.v1.permissions:get_permissions:44 - 获取到 14 个权限
2026-04-24 17:55:18.347 | INFO     | app.core.auth:get_current_user:106 - 用户认证成功: admin
2026-04-24 17:55:18.402 | INFO     | app.core.auth:get_current_user:106 - 用户认证成功: admin
2026-04-24 17:55:18.404 | INFO     | app.api.v1.permissions:get_permissions:42 - 获取权限列表 by admin
2026-04-24 17:55:18.410 | INFO     | app.api.v1.permissions:get_permissions:44 - 获取到 14 个权限
2026-04-24 17:55:24.208 | INFO     | app.core.auth:get_current_user:106 - 用户认证成功: admin
2026-04-24 17:55:24.214 | INFO     | app.api.v1.users:get_users:24 - 获取用户列表 by admin
2026-04-24 17:55:24.227 | INFO     | app.api.v1.users:get_users:26 - 获取到 3 个用户
2026-04-24 17:55:24.530 | INFO     | app.core.auth:get_current_user:106 - 用户认证成功: admin
2026-04-24 18:02:41.148 | INFO     | app.core.auth:get_current_user:106 - 用户认证成功: admin
2026-04-24 18:02:41.208 | INFO     | app.core.auth:get_current_user:106 - 用户认证成功: admin
2026-04-24 18:02:43.865 | INFO     | app.core.auth:get_current_user:106 - 用户认证成功: admin
2026-04-24 18:02:46.829 | INFO     | app.core.auth:get_current_user:106 - 用户认证成功: admin
2026-04-24 18:02:46.851 | INFO     | app.core.auth:get_current_user:106 - 用户认证成功: admin
2026-04-24 18:02:48.341 | INFO     | app.core.auth:get_current_user:106 - 用户认证成功: admin
2026-04-24 18:02:49.082 | INFO     | app.core.auth:get_current_user:106 - 用户认证成功: admin
2026-04-24 18:02:49.084 | INFO     | app.api.v1.users:get_users:24 - 获取用户列表 by admin
2026-04-24 18:02:49.100 | INFO     | app.api.v1.users:get_users:26 - 获取到 3 个用户
2026-04-24 18:02:49.130 | INFO     | app.core.auth:get_current_user:106 - 用户认证成功: admin
2026-04-24 18:02:50.570 | INFO     | app.core.auth:get_current_user:106 - 用户认证成功: admin
2026-04-24 18:02:50.887 | INFO     | app.core.auth:get_current_user:106 - 用户认证成功: admin
2026-04-24 18:02:50.891 | INFO     | app.api.v1.permissions:get_permissions:42 - 获取权限列表 by admin
2026-04-24 18:02:50.896 | INFO     | app.api.v1.permissions:get_permissions:44 - 获取到 14 个权限
2026-04-24 18:02:51.656 | INFO     | app.core.auth:get_current_user:106 - 用户认证成功: admin
2026-04-24 18:02:51.666 | INFO     | app.api.v1.users:get_users:24 - 获取用户列表 by admin
2026-04-24 18:02:51.681 | INFO     | app.api.v1.users:get_users:26 - 获取到 3 个用户
2026-04-24 18:02:51.982 | INFO     | app.core.auth:get_current_user:106 - 用户认证成功: admin
2026-04-24 18:04:25.897 | INFO     | app.core.auth:get_current_user:106 - 用户认证成功: user
2026-04-24 18:04:26.309 | INFO     | app.core.auth:get_current_user:106 - 用户认证成功: user
2026-04-24 18:04:26.514 | INFO     | app.core.auth:get_current_user:106 - 用户认证成功: user
2026-04-24 18:04:26.914 | INFO     | app.core.auth:get_current_user:106 - 用户认证成功: admin
2026-04-24 18:04:27.326 | INFO     | app.core.auth:get_current_user:106 - 用户认证成功: admin
2026-04-24 18:04:27.432 | INFO     | app.core.auth:get_current_user:106 - 用户认证成功: admin
2026-04-24 18:04:27.515 | INFO     | app.core.auth:get_current_user:106 - 用户认证成功: admin
2026-04-24 18:04:43.091 | INFO     | app.core.auth:get_current_user:106 - 用户认证成功: admin
2026-04-24 18:04:45.000 | WARNING  | app.core.auth:get_current_user:74 - 无效的认证令牌
2026-04-24 18:04:45.029 | WARNING  | app.core.auth:get_current_user:74 - 无效的认证令牌
2026-04-24 18:04:49.647 | INFO     | app.api.v1.auth:login:22 - 登录尝试: admin
2026-04-24 18:04:50.447 | INFO     | app.api.v1.auth:login:55 - 登录成功: admin
2026-04-24 18:04:50.794 | INFO     | app.core.auth:get_current_user:106 - 用户认证成功: admin
2026-04-24 18:04:50.800 | INFO     | app.api.v1.permissions:get_permissions:42 - 获取权限列表 by admin
2026-04-24 18:04:50.805 | INFO     | app.api.v1.permissions:get_permissions:44 - 获取到 14 个权限
2026-04-24 18:05:01.837 | INFO     | app.core.logger:<module>:40 - Logger initialized successfully
2026-04-24 18:05:02.432 | INFO     | app.core.auth:get_current_user:106 - 用户认证成功: user
2026-04-24 18:05:02.454 | INFO     | app.api.v1.products:get_products:57 - 获取商品列表请求 by user
2026-04-24 18:05:02.465 | INFO     | app.api.v1.products:get_products:61 - 获取商品列表成功，共 2 个商品
2026-04-24 18:05:02.480 | INFO     | app.core.auth:get_current_user:106 - 用户认证成功: user
2026-04-24 18:05:02.503 | INFO     | app.api.v1.phones:get_phones:61 - 获取手机列表请求 by user
2026-04-24 18:05:02.514 | INFO     | app.api.v1.phones:get_phones:65 - 获取手机列表成功，共 0 个手机
2026-04-24 18:05:02.538 | INFO     | app.core.auth:get_current_user:106 - 用户认证成功: user
2026-04-24 18:05:02.554 | INFO     | app.api.v1.phones:get_phones:61 - 获取手机列表请求 by user
2026-04-24 18:05:02.562 | INFO     | app.api.v1.phones:get_phones:65 - 获取手机列表成功，共 0 个手机
2026-04-24 18:05:11.542 | INFO     | app.core.logger:<module>:40 - Logger initialized successfully
2026-04-24 18:05:12.680 | INFO     | app.core.auth:get_current_user:106 - 用户认证成功: admin
2026-04-24 18:05:12.687 | INFO     | app.api.v1.phones:get_phones:61 - 获取手机列表请求 by admin
2026-04-24 18:05:12.709 | INFO     | app.api.v1.phones:get_phones:65 - 获取手机列表成功，共 0 个手机
2026-04-24 18:05:28.345 | INFO     | app.core.logger:<module>:40 - Logger initialized successfully
2026-04-24 18:14:48.965 | INFO     | app.core.auth:get_current_user:106 - 用户认证成功: user
2026-04-24 18:14:49.020 | INFO     | app.api.v1.products:get_products:57 - 获取商品列表请求 by user
2026-04-24 18:14:49.040 | INFO     | app.api.v1.products:get_products:61 - 获取商品列表成功，共 2 个商品
2026-04-24 18:14:49.401 | INFO     | app.core.auth:get_current_user:106 - 用户认证成功: user
2026-04-24 18:14:49.432 | INFO     | app.api.v1.phones:get_phones:61 - 获取手机列表请求 by user
2026-04-24 18:14:49.447 | INFO     | app.api.v1.phones:get_phones:65 - 获取手机列表成功，共 0 个手机
2026-04-24 18:14:52.960 | INFO     | app.core.auth:get_current_user:106 - 用户认证成功: user
2026-04-24 18:14:53.067 | INFO     | app.core.auth:get_current_user:106 - 用户认证成功: user
2026-04-24 18:14:54.697 | INFO     | app.core.auth:get_current_user:106 - 用户认证成功: user
2026-04-24 18:14:56.276 | INFO     | app.core.auth:get_current_user:106 - 用户认证成功: user
2026-04-24 18:14:56.292 | INFO     | app.api.v1.phones:get_phones:61 - 获取手机列表请求 by user
2026-04-24 18:14:56.296 | INFO     | app.api.v1.phones:get_phones:65 - 获取手机列表成功，共 0 个手机
2026-04-24 18:15:00.962 | INFO     | app.api.v1.auth:login:22 - 登录尝试: admin
2026-04-24 18:15:01.371 | INFO     | app.api.v1.auth:login:55 - 登录成功: admin
2026-04-24 18:15:01.491 | INFO     | app.core.auth:get_current_user:106 - 用户认证成功: admin
2026-04-24 18:15:03.565 | INFO     | app.core.auth:get_current_user:106 - 用户认证成功: admin
2026-04-24 18:15:03.567 | INFO     | app.api.v1.phones:get_phones:61 - 获取手机列表请求 by admin
2026-04-24 18:15:03.573 | INFO     | app.api.v1.phones:get_phones:65 - 获取手机列表成功，共 0 个手机
2026-04-24 18:15:14.750 | INFO     | app.core.auth:get_current_user:106 - 用户认证成功: admin
2026-04-24 18:15:14.758 | INFO     | app.api.v1.phones:create_phone:99 - 创建手机请求: 22 by admin
2026-04-24 18:15:14.782 | INFO     | app.api.v1.phones:create_phone:115 - 手机创建成功: 22
2026-04-24 18:15:15.146 | INFO     | app.core.auth:get_current_user:106 - 用户认证成功: admin
2026-04-24 18:15:15.147 | INFO     | app.api.v1.phones:get_phones:61 - 获取手机列表请求 by admin
2026-04-24 18:15:15.150 | INFO     | app.api.v1.phones:get_phones:65 - 获取手机列表成功，共 1 个手机
2026-04-24 18:15:17.208 | INFO     | app.core.auth:get_current_user:106 - 用户认证成功: user
2026-04-24 18:15:17.354 | INFO     | app.core.auth:get_current_user:106 - 用户认证成功: user
2026-04-24 18:15:19.335 | INFO     | app.core.auth:get_current_user:106 - 用户认证成功: user
2026-04-24 18:15:21.283 | INFO     | app.core.auth:get_current_user:106 - 用户认证成功: user
2026-04-24 18:15:21.299 | INFO     | app.api.v1.phones:get_phones:61 - 获取手机列表请求 by user
2026-04-24 18:15:21.302 | INFO     | app.api.v1.phones:get_phones:65 - 获取手机列表成功，共 1 个手机
2026-04-24 18:15:23.637 | INFO     | app.core.auth:get_current_user:106 - 用户认证成功: user
2026-04-24 18:15:23.708 | INFO     | app.core.auth:get_current_user:106 - 用户认证成功: user
2026-04-24 18:16:01.290 | INFO     | app.core.auth:get_current_user:106 - 用户认证成功: admin
2026-04-24 18:16:01.292 | INFO     | app.api.v1.phones:update_phone:128 - 更新手机请求: 1 by admin
2026-04-24 18:16:01.319 | INFO     | app.api.v1.phones:update_phone:157 - 手机更新成功: 22
2026-04-24 18:16:01.672 | INFO     | app.core.auth:get_current_user:106 - 用户认证成功: admin
2026-04-24 18:16:01.674 | INFO     | app.api.v1.phones:get_phones:61 - 获取手机列表请求 by admin
2026-04-24 18:16:01.677 | INFO     | app.api.v1.phones:get_phones:65 - 获取手机列表成功，共 1 个手机
2026-04-24 18:16:05.739 | INFO     | app.core.auth:get_current_user:106 - 用户认证成功: admin
2026-04-24 18:16:05.741 | INFO     | app.api.v1.phones:update_phone:128 - 更新手机请求: 1 by admin
2026-04-24 18:16:05.766 | INFO     | app.api.v1.phones:update_phone:157 - 手机更新成功: 22
2026-04-24 18:16:06.132 | INFO     | app.core.auth:get_current_user:106 - 用户认证成功: admin
2026-04-24 18:16:06.133 | INFO     | app.api.v1.phones:get_phones:61 - 获取手机列表请求 by admin
2026-04-24 18:16:06.149 | INFO     | app.api.v1.phones:get_phones:65 - 获取手机列表成功，共 1 个手机
2026-04-24 18:16:29.251 | INFO     | app.core.auth:get_current_user:106 - 用户认证成功: user
2026-04-24 18:16:29.799 | INFO     | app.core.auth:get_current_user:106 - 用户认证成功: user
2026-04-24 18:16:29.869 | INFO     | app.core.auth:get_current_user:106 - 用户认证成功: admin
2026-04-24 18:16:29.933 | INFO     | app.core.auth:get_current_user:106 - 用户认证成功: admin
2026-04-24 18:16:29.978 | INFO     | app.core.auth:get_current_user:106 - 用户认证成功: admin
2026-04-24 18:16:30.320 | INFO     | app.core.auth:get_current_user:106 - 用户认证成功: admin
2026-04-24 18:16:30.408 | INFO     | app.core.auth:get_current_user:106 - 用户认证成功: admin
2026-04-24 18:16:30.681 | INFO     | app.core.auth:get_current_user:106 - 用户认证成功: admin
2026-04-24 18:16:34.274 | INFO     | app.core.auth:get_current_user:106 - 用户认证成功: admin
2026-04-24 18:16:34.276 | INFO     | app.api.v1.phones:get_phones:61 - 获取手机列表请求 by admin
2026-04-24 18:16:34.281 | INFO     | app.api.v1.phones:get_phones:65 - 获取手机列表成功，共 1 个手机
2026-04-24 18:16:35.337 | INFO     | app.core.auth:get_current_user:106 - 用户认证成功: admin
2026-04-24 18:16:35.338 | INFO     | app.api.v1.phones:get_phones:61 - 获取手机列表请求 by admin
2026-04-24 18:16:35.342 | INFO     | app.api.v1.phones:get_phones:65 - 获取手机列表成功，共 1 个手机
2026-04-24 18:16:50.951 | INFO     | app.core.auth:get_current_user:106 - 用户认证成功: user
2026-04-24 18:16:51.138 | INFO     | app.core.auth:get_current_user:106 - 用户认证成功: user
2026-04-24 18:16:54.783 | INFO     | app.core.auth:get_current_user:106 - 用户认证成功: user
2026-04-24 18:16:54.810 | INFO     | app.core.auth:get_current_user:106 - 用户认证成功: user
2026-04-24 18:16:54.840 | INFO     | app.core.auth:get_current_user:106 - 用户认证成功: user
2026-04-24 18:16:54.965 | INFO     | app.core.auth:get_current_user:106 - 用户认证成功: user
2026-04-24 18:16:56.268 | INFO     | app.core.auth:get_current_user:106 - 用户认证成功: user
2026-04-24 18:16:56.283 | INFO     | app.api.v1.phones:get_phones:61 - 获取手机列表请求 by user
2026-04-24 18:16:56.289 | INFO     | app.api.v1.phones:get_phones:65 - 获取手机列表成功，共 1 个手机
2026-04-24 18:16:57.966 | INFO     | app.core.auth:get_current_user:106 - 用户认证成功: user
2026-04-24 18:16:58.025 | INFO     | app.core.auth:get_current_user:106 - 用户认证成功: user
2026-04-24 18:16:58.068 | INFO     | app.core.auth:get_current_user:106 - 用户认证成功: user
2026-04-24 18:16:58.190 | INFO     | app.core.auth:get_current_user:106 - 用户认证成功: user
2026-04-24 18:16:58.202 | INFO     | app.api.v1.phones:get_phones:61 - 获取手机列表请求 by user
2026-04-24 18:16:58.207 | INFO     | app.api.v1.phones:get_phones:65 - 获取手机列表成功，共 1 个手机
2026-04-24 18:17:47.611 | INFO     | app.core.auth:get_current_user:106 - 用户认证成功: user
2026-04-24 18:17:49.999 | INFO     | app.core.auth:get_current_user:106 - 用户认证成功: user
2026-04-24 18:17:50.013 | INFO     | app.api.v1.products:get_products:57 - 获取商品列表请求 by user
2026-04-24 18:17:50.016 | INFO     | app.api.v1.products:get_products:61 - 获取商品列表成功，共 2 个商品
2026-04-24 18:18:08.734 | INFO     | app.core.auth:get_current_user:106 - 用户认证成功: user
2026-04-24 18:18:08.756 | INFO     | app.api.v1.phones:get_phones:61 - 获取手机列表请求 by user
2026-04-24 18:18:08.767 | INFO     | app.api.v1.phones:get_phones:65 - 获取手机列表成功，共 1 个手机
2026-04-24 18:18:09.701 | INFO     | app.core.auth:get_current_user:106 - 用户认证成功: user
2026-04-24 18:18:09.730 | INFO     | app.api.v1.products:get_products:57 - 获取商品列表请求 by user
2026-04-24 18:18:09.735 | INFO     | app.api.v1.products:get_products:61 - 获取商品列表成功，共 2 个商品
2026-04-24 18:28:05.907 | INFO     | app.core.logger:<module>:40 - Logger initialized successfully
2026-04-24 18:28:11.563 | WARNING  | app.core.auth:get_current_user:74 - 无效的认证令牌
2026-04-24 18:28:12.262 | WARNING  | app.core.auth:get_current_user:74 - 无效的认证令牌
2026-04-24 18:28:12.789 | WARNING  | app.core.auth:get_current_user:74 - 无效的认证令牌
2026-04-24 18:28:13.457 | INFO     | app.core.auth:get_current_user:106 - 用户认证成功: admin
2026-04-24 18:28:15.080 | INFO     | app.core.auth:get_current_user:106 - 用户认证成功: admin
2026-04-24 18:28:16.955 | INFO     | app.core.auth:get_current_user:106 - 用户认证成功: admin
2026-04-24 18:28:19.000 | INFO     | app.core.auth:get_current_user:106 - 用户认证成功: admin
2026-04-24 18:28:19.114 | INFO     | app.core.auth:get_current_user:106 - 用户认证成功: admin
2026-04-24 18:28:19.213 | INFO     | app.core.auth:get_current_user:106 - 用户认证成功: admin
2026-04-24 18:28:25.853 | INFO     | app.core.auth:get_current_user:106 - 用户认证成功: admin
2026-04-24 18:28:25.887 | INFO     | app.api.v1.phones:get_phones:61 - 获取手机列表请求 by admin
2026-04-24 18:28:25.920 | INFO     | app.api.v1.phones:get_phones:65 - 获取手机列表成功，共 1 个手机
2026-04-24 18:28:26.227 | INFO     | app.api.v1.auth:login:22 - 登录尝试: admin
2026-04-24 18:28:26.792 | INFO     | app.api.v1.auth:login:55 - 登录成功: admin
2026-04-24 18:28:27.057 | INFO     | app.core.auth:get_current_user:106 - 用户认证成功: admin
2026-04-24 18:28:27.064 | INFO     | app.api.v1.products:get_products:57 - 获取商品列表请求 by admin
2026-04-24 18:28:27.082 | INFO     | app.api.v1.products:get_products:61 - 获取商品列表成功，共 2 个商品
2026-04-24 18:28:29.476 | INFO     | app.core.auth:get_current_user:106 - 用户认证成功: admin
2026-04-24 18:28:29.477 | INFO     | app.api.v1.phones:get_phones:61 - 获取手机列表请求 by admin
2026-04-24 18:28:29.482 | INFO     | app.api.v1.phones:get_phones:65 - 获取手机列表成功，共 1 个手机
2026-04-24 18:28:30.549 | INFO     | app.core.auth:get_current_user:106 - 用户认证成功: admin
2026-04-24 18:28:31.884 | INFO     | app.core.auth:get_current_user:106 - 用户认证成功: admin
2026-04-24 18:28:31.885 | INFO     | app.api.v1.users:get_users:24 - 获取用户列表 by admin
2026-04-24 18:28:31.889 | INFO     | app.api.v1.users:get_users:26 - 获取到 3 个用户
2026-04-24 18:28:31.908 | INFO     | app.core.auth:get_current_user:106 - 用户认证成功: admin
2026-04-24 18:28:32.610 | INFO     | app.core.auth:get_current_user:106 - 用户认证成功: admin
2026-04-24 18:28:32.611 | INFO     | app.api.v1.permissions:get_permissions:42 - 获取权限列表 by admin
2026-04-24 18:28:32.616 | INFO     | app.api.v1.permissions:get_permissions:44 - 获取到 14 个权限
2026-04-24 18:28:32.626 | INFO     | app.core.auth:get_current_user:106 - 用户认证成功: admin
2026-04-24 18:28:33.615 | INFO     | app.core.auth:get_current_user:106 - 用户认证成功: admin
2026-04-24 18:28:33.618 | INFO     | app.api.v1.permissions:get_permissions:42 - 获取权限列表 by admin
2026-04-24 18:28:33.625 | INFO     | app.api.v1.permissions:get_permissions:44 - 获取到 14 个权限
2026-04-24 18:28:34.212 | INFO     | app.core.auth:get_current_user:106 - 用户认证成功: admin
2026-04-24 18:28:34.214 | INFO     | app.api.v1.products:get_products:57 - 获取商品列表请求 by admin
2026-04-24 18:28:34.222 | INFO     | app.api.v1.products:get_products:61 - 获取商品列表成功，共 2 个商品
2026-04-24 18:28:35.497 | INFO     | app.core.auth:get_current_user:106 - 用户认证成功: admin
2026-04-24 18:28:35.501 | INFO     | app.api.v1.phones:get_phones:61 - 获取手机列表请求 by admin
2026-04-24 18:28:35.512 | INFO     | app.api.v1.phones:get_phones:65 - 获取手机列表成功，共 1 个手机
2026-04-24 18:29:09.558 | INFO     | app.core.auth:get_current_user:106 - 用户认证成功: admin
2026-04-24 18:29:09.666 | INFO     | app.core.auth:get_current_user:106 - 用户认证成功: admin
2026-04-24 18:30:16.051 | INFO     | app.core.logger:<module>:40 - Logger initialized successfully
2026-04-24 18:30:29.747 | INFO     | app.core.logger:<module>:40 - Logger initialized successfully
2026-04-24 18:30:32.233 | INFO     | app.core.auth:get_current_user:106 - 用户认证成功: admin
2026-04-24 18:30:32.361 | INFO     | app.core.auth:get_current_user:106 - 用户认证成功: admin
2026-04-24 18:30:32.519 | INFO     | app.core.auth:get_current_user:106 - 用户认证成功: admin
2026-04-24 18:31:08.782 | INFO     | app.core.auth:get_current_user:106 - 用户认证成功: admin
2026-04-24 18:31:08.864 | INFO     | app.core.auth:get_current_user:106 - 用户认证成功: admin
2026-04-24 18:38:01.186 | INFO     | app.core.logger:<module>:40 - Logger initialized successfully
